GAS LISTING /tmp/cc6gqzG5.s 			page 1


   1              		.file	"scheduler.cpp"
   2              		.option pic
   3              		.option norelax
   4              		.text
   5              	.Ltext0:
   6              		.align	2
   8              	_Z41__static_initialization_and_destruction_0ii:
   9              	.LFB23:
  10              		.file 1 "src/scheduler.cpp"
   1:src/scheduler.cpp **** //
   2:src/scheduler.cpp **** // Created by os on 3/3/25.
   3:src/scheduler.cpp **** //
   4:src/scheduler.cpp **** 
   5:src/scheduler.cpp **** #include "../h/scheduler.hpp"
   6:src/scheduler.cpp **** 
   7:src/scheduler.cpp **** List<TCB> Scheduler::readyThreadQueue;
   8:src/scheduler.cpp **** 
   9:src/scheduler.cpp **** TCB *Scheduler::get()
  10:src/scheduler.cpp **** {
  11:src/scheduler.cpp ****     return readyThreadQueue.removeFirst();
  12:src/scheduler.cpp **** }
  13:src/scheduler.cpp **** 
  14:src/scheduler.cpp **** void Scheduler::put(TCB *ccb)
  15:src/scheduler.cpp **** {
  16:src/scheduler.cpp ****     readyThreadQueue.addLast(ccb);
  17:src/scheduler.cpp **** }
  11              		.loc 1 17 1
  12              		.cfi_startproc
  13              	.LVL0:
  14 0000 130101FF 		addi	sp,sp,-16
  15              		.cfi_def_cfa_offset 16
  16 0004 23348100 		sd	s0,8(sp)
  17              		.cfi_offset 8, -8
  18 0008 13040101 		addi	s0,sp,16
  19              		.cfi_def_cfa 8, 0
  20              		.loc 1 17 1 is_stmt 0
  21 000c 93071000 		li	a5,1
  22 0010 6308F500 		beq	a0,a5,.L4
  23              	.L1:
  24 0014 03348100 		ld	s0,8(sp)
  25              		.cfi_remember_state
  26              		.cfi_restore 8
  27              		.cfi_def_cfa 2, 16
  28 0018 13010101 		addi	sp,sp,16
  29              		.cfi_def_cfa_offset 0
  30 001c 67800000 		jr	ra
  31              	.L4:
  32              		.cfi_restore_state
  33              		.loc 1 17 1 discriminator 1
  34 0020 B7070100 		li	a5,65536
  35 0024 9387F7FF 		addi	a5,a5,-1
  36 0028 E396F5FE 		bne	a1,a5,.L1
  37              	.LVL1:
  38              	.LBB12:
  39              	.LBB13:
  40              	.LBB14:
  41              		.file 2 "src/../h/../h/list.hpp"
GAS LISTING /tmp/cc6gqzG5.s 			page 2


   1:src/../h/../h/list.hpp **** //
   2:src/../h/../h/list.hpp **** // Created by os on 3/3/25.
   3:src/../h/../h/list.hpp **** //
   4:src/../h/../h/list.hpp **** 
   5:src/../h/../h/list.hpp **** #ifndef LIST_H
   6:src/../h/../h/list.hpp **** #define LIST_H
   7:src/../h/../h/list.hpp **** 
   8:src/../h/../h/list.hpp **** #include "../h/memallocator.hpp"
   9:src/../h/../h/list.hpp **** #include "../lib/mem.h"
  10:src/../h/../h/list.hpp **** 
  11:src/../h/../h/list.hpp **** 
  12:src/../h/../h/list.hpp **** 
  13:src/../h/../h/list.hpp **** template<typename T>
  14:src/../h/../h/list.hpp **** class List
  15:src/../h/../h/list.hpp **** {
  16:src/../h/../h/list.hpp **** private:
  17:src/../h/../h/list.hpp ****     struct Elem
  18:src/../h/../h/list.hpp ****     {
  19:src/../h/../h/list.hpp ****         T *data;
  20:src/../h/../h/list.hpp ****         Elem *next;
  21:src/../h/../h/list.hpp **** 
  22:src/../h/../h/list.hpp ****         Elem(T *data, Elem *next) : data(data), next(next) {}
  23:src/../h/../h/list.hpp **** 
  24:src/../h/../h/list.hpp ****          void *operator new(size_t size) { return MemoryAllocator::createAllocator()->alloc(size); 
  25:src/../h/../h/list.hpp ****          void operator delete(void *p) { MemoryAllocator::createAllocator()->dealloc(p); }
  26:src/../h/../h/list.hpp ****     };
  27:src/../h/../h/list.hpp **** 
  28:src/../h/../h/list.hpp ****     Elem *head, *tail;
  29:src/../h/../h/list.hpp **** 
  30:src/../h/../h/list.hpp **** public:
  31:src/../h/../h/list.hpp ****     List() : head(0), tail(0) {}
  42              		.loc 2 31 29
  43 002c 97070000 		lla	a5,.LANCHOR0
  43      93870700 
  44 0034 23B00700 		sd	zero,0(a5)
  45 0038 23B40700 		sd	zero,8(a5)
  46              	.LVL2:
  47              	.LBE14:
  48              	.LBE13:
  49              	.LBE12:
  50              		.loc 1 17 1
  51 003c 6FF09FFD 		j	.L1
  52              		.cfi_endproc
  53              	.LFE23:
  55              		.align	2
  56              		.globl	_ZN9Scheduler3getEv
  58              	_ZN9Scheduler3getEv:
  59              	.LFB11:
  10:src/scheduler.cpp ****     return readyThreadQueue.removeFirst();
  60              		.loc 1 10 1 is_stmt 1
  61              		.cfi_startproc
  62 0040 130101FE 		addi	sp,sp,-32
  63              		.cfi_def_cfa_offset 32
  64 0044 233C1100 		sd	ra,24(sp)
  65 0048 23388100 		sd	s0,16(sp)
  66 004c 23349100 		sd	s1,8(sp)
  67 0050 23302101 		sd	s2,0(sp)
GAS LISTING /tmp/cc6gqzG5.s 			page 3


  68              		.cfi_offset 1, -8
  69              		.cfi_offset 8, -16
  70              		.cfi_offset 9, -24
  71              		.cfi_offset 18, -32
  72 0054 13040102 		addi	s0,sp,32
  73              		.cfi_def_cfa 8, 0
  11:src/scheduler.cpp **** }
  74              		.loc 1 11 5
  75              	.LVL3:
  76              	.LBB19:
  77              	.LBB20:
  32:src/../h/../h/list.hpp **** 
  33:src/../h/../h/list.hpp ****     List(const List<T> &) = delete;
  34:src/../h/../h/list.hpp **** 
  35:src/../h/../h/list.hpp ****     List<T> &operator=(const List<T> &) = delete;
  36:src/../h/../h/list.hpp **** 
  37:src/../h/../h/list.hpp ****     void addFirst(T *data)
  38:src/../h/../h/list.hpp ****     {
  39:src/../h/../h/list.hpp ****         Elem *elem = new Elem(data, head);
  40:src/../h/../h/list.hpp ****         head = elem;
  41:src/../h/../h/list.hpp ****         if (!tail) { tail = head; }
  42:src/../h/../h/list.hpp ****     }
  43:src/../h/../h/list.hpp **** 
  44:src/../h/../h/list.hpp ****     void addLast(T *data)
  45:src/../h/../h/list.hpp ****     {
  46:src/../h/../h/list.hpp ****         Elem *elem = new Elem(data, 0);
  47:src/../h/../h/list.hpp ****         if (tail)
  48:src/../h/../h/list.hpp ****         {
  49:src/../h/../h/list.hpp ****             tail->next = elem;
  50:src/../h/../h/list.hpp ****             tail = elem;
  51:src/../h/../h/list.hpp ****         } else
  52:src/../h/../h/list.hpp ****         {
  53:src/../h/../h/list.hpp ****             head = tail = elem;
  54:src/../h/../h/list.hpp ****         }
  55:src/../h/../h/list.hpp ****     }
  56:src/../h/../h/list.hpp **** 
  57:src/../h/../h/list.hpp ****     T *removeFirst()
  58:src/../h/../h/list.hpp ****     {
  59:src/../h/../h/list.hpp ****         if (!head) { return 0; }
  78              		.loc 2 59 14 is_stmt 0
  79 0058 97040000 		ld	s1,.LANCHOR0
  79      83B40400 
  80              		.loc 2 59 9
  81 0060 638A0404 		beqz	s1,.L8
  82              	.LVL4:
  60:src/../h/../h/list.hpp **** 
  61:src/../h/../h/list.hpp ****         Elem *elem = head;
  62:src/../h/../h/list.hpp ****         head = head->next;
  83              		.loc 2 62 22
  84 0064 83B78400 		ld	a5,8(s1)
  85              		.loc 2 62 9
  86 0068 17070000 		sd	a5,.LANCHOR0,a4
  86      2330F700 
  63:src/../h/../h/list.hpp ****         if (!head) { tail = 0; }
  87              		.loc 2 63 9
  88 0070 638C0702 		beqz	a5,.L10
  89              	.L7:
GAS LISTING /tmp/cc6gqzG5.s 			page 4


  64:src/../h/../h/list.hpp **** 
  65:src/../h/../h/list.hpp ****         T *ret = elem->data;
  90              		.loc 2 65 12
  91 0074 03B90400 		ld	s2,0(s1)
  92              	.LVL5:
  93              	.LBB21:
  94              	.LBB22:
  25:src/../h/../h/list.hpp ****     };
  95              		.loc 2 25 85
  96 0078 97000000 		call	_ZN15MemoryAllocator15createAllocatorEv@plt
  96      E7800000 
  97              	.LVL6:
  98 0080 93850400 		mv	a1,s1
  99 0084 97000000 		call	_ZN15MemoryAllocator7deallocEPv@plt
  99      E7800000 
 100              	.LVL7:
 101              	.L5:
 102              	.LBE22:
 103              	.LBE21:
 104              	.LBE20:
 105              	.LBE19:
  12:src/scheduler.cpp **** 
 106              		.loc 1 12 1
 107 008c 13050900 		mv	a0,s2
 108 0090 83308101 		ld	ra,24(sp)
 109              		.cfi_remember_state
 110              		.cfi_restore 1
 111 0094 03340101 		ld	s0,16(sp)
 112              		.cfi_restore 8
 113              		.cfi_def_cfa 2, 32
 114 0098 83348100 		ld	s1,8(sp)
 115              		.cfi_restore 9
 116 009c 03390100 		ld	s2,0(sp)
 117              		.cfi_restore 18
 118 00a0 13010102 		addi	sp,sp,32
 119              		.cfi_def_cfa_offset 0
 120 00a4 67800000 		jr	ra
 121              	.LVL8:
 122              	.L10:
 123              		.cfi_restore_state
 124              	.LBB24:
 125              	.LBB23:
  63:src/../h/../h/list.hpp **** 
 126              		.loc 2 63 22
 127 00a8 97070000 		sd	zero,.LANCHOR0+8,a5
 127      23B00700 
 128 00b0 6FF05FFC 		j	.L7
 129              	.LVL9:
 130              	.L8:
  59:src/../h/../h/list.hpp **** 
 131              		.loc 2 59 29
 132 00b4 13890400 		mv	s2,s1
 133              	.LVL10:
 134              	.LBE23:
 135              	.LBE24:
  11:src/scheduler.cpp **** }
 136              		.loc 1 11 41
GAS LISTING /tmp/cc6gqzG5.s 			page 5


 137 00b8 6FF05FFD 		j	.L5
 138              		.cfi_endproc
 139              	.LFE11:
 141              		.align	2
 142              		.globl	_ZN9Scheduler3putEP3TCB
 144              	_ZN9Scheduler3putEP3TCB:
 145              	.LFB12:
  15:src/scheduler.cpp ****     readyThreadQueue.addLast(ccb);
 146              		.loc 1 15 1 is_stmt 1
 147              		.cfi_startproc
 148              	.LVL11:
 149 00bc 130101FE 		addi	sp,sp,-32
 150              		.cfi_def_cfa_offset 32
 151 00c0 233C1100 		sd	ra,24(sp)
 152 00c4 23388100 		sd	s0,16(sp)
 153 00c8 23349100 		sd	s1,8(sp)
 154              		.cfi_offset 1, -8
 155              		.cfi_offset 8, -16
 156              		.cfi_offset 9, -24
 157 00cc 13040102 		addi	s0,sp,32
 158              		.cfi_def_cfa 8, 0
 159 00d0 93040500 		mv	s1,a0
  16:src/scheduler.cpp **** }
 160              		.loc 1 16 5
 161              	.LVL12:
 162              	.LBB32:
 163              	.LBB33:
 164              	.LBB34:
 165              	.LBB35:
  24:src/../h/../h/list.hpp ****          void operator delete(void *p) { MemoryAllocator::createAllocator()->dealloc(p); }
 166              		.loc 2 24 92 is_stmt 0
 167 00d4 97000000 		call	_ZN15MemoryAllocator15createAllocatorEv@plt
 167      E7800000 
 168              	.LVL13:
 169 00dc 93050001 		li	a1,16
 170 00e0 97000000 		call	_ZN15MemoryAllocator5allocEm@plt
 170      E7800000 
 171              	.LVL14:
 172              	.LBE35:
 173              	.LBE34:
 174              	.LBB36:
 175              	.LBB37:
  22:src/../h/../h/list.hpp **** 
 176              		.loc 2 22 58
 177 00e8 23309500 		sd	s1,0(a0)
 178 00ec 23340500 		sd	zero,8(a0)
 179              	.LVL15:
 180              	.LBE37:
 181              	.LBE36:
  47:src/../h/../h/list.hpp ****         {
 182              		.loc 2 47 13
 183 00f0 97070000 		ld	a5,.LANCHOR0+8
 183      83B70700 
  47:src/../h/../h/list.hpp ****         {
 184              		.loc 2 47 9
 185 00f8 63820702 		beqz	a5,.L12
  49:src/../h/../h/list.hpp ****             tail = elem;
GAS LISTING /tmp/cc6gqzG5.s 			page 6


 186              		.loc 2 49 13
 187 00fc 23B4A700 		sd	a0,8(a5)
  50:src/../h/../h/list.hpp ****         } else
 188              		.loc 2 50 13
 189 0100 97070000 		sd	a0,.LANCHOR0+8,a5
 189      23B0A700 
 190              	.LVL16:
 191              	.L11:
 192              	.LBE33:
 193              	.LBE32:
 194              		.loc 1 17 1
 195 0108 83308101 		ld	ra,24(sp)
 196              		.cfi_remember_state
 197              		.cfi_restore 1
 198 010c 03340101 		ld	s0,16(sp)
 199              		.cfi_restore 8
 200              		.cfi_def_cfa 2, 32
 201 0110 83348100 		ld	s1,8(sp)
 202              		.cfi_restore 9
 203              	.LVL17:
 204 0114 13010102 		addi	sp,sp,32
 205              		.cfi_def_cfa_offset 0
 206 0118 67800000 		jr	ra
 207              	.LVL18:
 208              	.L12:
 209              		.cfi_restore_state
 210              	.LBB39:
 211              	.LBB38:
  53:src/../h/../h/list.hpp ****         }
 212              		.loc 2 53 13
 213 011c 97070000 		lla	a5,.LANCHOR0
 213      93870700 
 214 0124 23B4A700 		sd	a0,8(a5)
 215 0128 23B0A700 		sd	a0,0(a5)
 216              	.LVL19:
 217              	.LBE38:
 218              	.LBE39:
 219              		.loc 1 17 1
 220 012c 6FF0DFFD 		j	.L11
 221              		.cfi_endproc
 222              	.LFE12:
 224              		.align	2
 226              	_GLOBAL__sub_I__ZN9Scheduler16readyThreadQueueE:
 227              	.LFB24:
 228              		.loc 1 17 1 is_stmt 1
 229              		.cfi_startproc
 230 0130 130101FF 		addi	sp,sp,-16
 231              		.cfi_def_cfa_offset 16
 232 0134 23341100 		sd	ra,8(sp)
 233 0138 23308100 		sd	s0,0(sp)
 234              		.cfi_offset 1, -8
 235              		.cfi_offset 8, -16
 236 013c 13040101 		addi	s0,sp,16
 237              		.cfi_def_cfa 8, 0
 238              		.loc 1 17 1 is_stmt 0
 239 0140 B7050100 		li	a1,65536
 240 0144 9385F5FF 		addi	a1,a1,-1
GAS LISTING /tmp/cc6gqzG5.s 			page 7


 241 0148 13051000 		li	a0,1
 242 014c 97000000 		call	_Z41__static_initialization_and_destruction_0ii
 242      E7800000 
 243              	.LVL20:
 244 0154 83308100 		ld	ra,8(sp)
 245              		.cfi_restore 1
 246 0158 03340100 		ld	s0,0(sp)
 247              		.cfi_restore 8
 248              		.cfi_def_cfa 2, 16
 249 015c 13010101 		addi	sp,sp,16
 250              		.cfi_def_cfa_offset 0
 251 0160 67800000 		jr	ra
 252              		.cfi_endproc
 253              	.LFE24:
 255              		.section	.init_array,"aw"
 256              		.align	3
 257 0000 00000000 		.dword	_GLOBAL__sub_I__ZN9Scheduler16readyThreadQueueE
 257      00000000 
 258              		.globl	_ZN9Scheduler16readyThreadQueueE
 259              		.bss
 260              		.align	3
 261              		.set	.LANCHOR0,. + 0
 264              	_ZN9Scheduler16readyThreadQueueE:
 265 0000 00000000 		.zero	16
 265      00000000 
 265      00000000 
 265      00000000 
 266              		.text
 267              	.Letext0:
 268              		.file 3 "src/../h/../h/../h/../lib/hw.h"
 269              		.file 4 "src/../h/../h/../h/memallocator.hpp"
 270              		.file 5 "src/../h/scheduler.hpp"
GAS LISTING /tmp/cc6gqzG5.s 			page 8


DEFINED SYMBOLS
                            *ABS*:0000000000000000 scheduler.cpp
     /tmp/cc6gqzG5.s:8      .text:0000000000000000 _Z41__static_initialization_and_destruction_0ii
     /tmp/cc6gqzG5.s:12     .text:0000000000000000 .L0 
     /tmp/cc6gqzG5.s:14     .text:0000000000000000 .L0 
     /tmp/cc6gqzG5.s:15     .text:0000000000000004 .L0 
     /tmp/cc6gqzG5.s:17     .text:0000000000000008 .L0 
     /tmp/cc6gqzG5.s:19     .text:000000000000000c .L0 
     /tmp/cc6gqzG5.s:21     .text:000000000000000c .L0 
     /tmp/cc6gqzG5.s:25     .text:0000000000000018 .L0 
     /tmp/cc6gqzG5.s:26     .text:0000000000000018 .L0 
     /tmp/cc6gqzG5.s:27     .text:0000000000000018 .L0 
     /tmp/cc6gqzG5.s:29     .text:000000000000001c .L0 
     /tmp/cc6gqzG5.s:32     .text:0000000000000020 .L0 
     /tmp/cc6gqzG5.s:34     .text:0000000000000020 .L0 
     /tmp/cc6gqzG5.s:43     .text:000000000000002c .L0 
     /tmp/cc6gqzG5.s:51     .text:000000000000003c .L0 
     /tmp/cc6gqzG5.s:52     .text:0000000000000040 .L0 
     /tmp/cc6gqzG5.s:58     .text:0000000000000040 _ZN9Scheduler3getEv
     /tmp/cc6gqzG5.s:61     .text:0000000000000040 .L0 
     /tmp/cc6gqzG5.s:62     .text:0000000000000040 .L0 
     /tmp/cc6gqzG5.s:63     .text:0000000000000044 .L0 
     /tmp/cc6gqzG5.s:68     .text:0000000000000054 .L0 
     /tmp/cc6gqzG5.s:69     .text:0000000000000054 .L0 
     /tmp/cc6gqzG5.s:70     .text:0000000000000054 .L0 
     /tmp/cc6gqzG5.s:71     .text:0000000000000054 .L0 
     /tmp/cc6gqzG5.s:73     .text:0000000000000058 .L0 
     /tmp/cc6gqzG5.s:78     .text:0000000000000058 .L0 
     /tmp/cc6gqzG5.s:79     .text:0000000000000058 .L0 
     /tmp/cc6gqzG5.s:81     .text:0000000000000060 .L0 
     /tmp/cc6gqzG5.s:84     .text:0000000000000064 .L0 
     /tmp/cc6gqzG5.s:86     .text:0000000000000068 .L0 
     /tmp/cc6gqzG5.s:88     .text:0000000000000070 .L0 
     /tmp/cc6gqzG5.s:91     .text:0000000000000074 .L0 
     /tmp/cc6gqzG5.s:96     .text:0000000000000078 .L0 
     /tmp/cc6gqzG5.s:107    .text:000000000000008c .L0 
     /tmp/cc6gqzG5.s:109    .text:0000000000000094 .L0 
     /tmp/cc6gqzG5.s:110    .text:0000000000000094 .L0 
     /tmp/cc6gqzG5.s:112    .text:0000000000000098 .L0 
     /tmp/cc6gqzG5.s:113    .text:0000000000000098 .L0 
     /tmp/cc6gqzG5.s:115    .text:000000000000009c .L0 
     /tmp/cc6gqzG5.s:117    .text:00000000000000a0 .L0 
     /tmp/cc6gqzG5.s:119    .text:00000000000000a4 .L0 
     /tmp/cc6gqzG5.s:123    .text:00000000000000a8 .L0 
     /tmp/cc6gqzG5.s:127    .text:00000000000000a8 .L0 
     /tmp/cc6gqzG5.s:132    .text:00000000000000b4 .L0 
     /tmp/cc6gqzG5.s:137    .text:00000000000000b8 .L0 
     /tmp/cc6gqzG5.s:138    .text:00000000000000bc .L0 
     /tmp/cc6gqzG5.s:144    .text:00000000000000bc _ZN9Scheduler3putEP3TCB
     /tmp/cc6gqzG5.s:147    .text:00000000000000bc .L0 
     /tmp/cc6gqzG5.s:149    .text:00000000000000bc .L0 
     /tmp/cc6gqzG5.s:150    .text:00000000000000c0 .L0 
     /tmp/cc6gqzG5.s:154    .text:00000000000000cc .L0 
     /tmp/cc6gqzG5.s:155    .text:00000000000000cc .L0 
     /tmp/cc6gqzG5.s:156    .text:00000000000000cc .L0 
     /tmp/cc6gqzG5.s:158    .text:00000000000000d0 .L0 
     /tmp/cc6gqzG5.s:166    .text:00000000000000d4 .L0 
GAS LISTING /tmp/cc6gqzG5.s 			page 9


     /tmp/cc6gqzG5.s:167    .text:00000000000000d4 .L0 
     /tmp/cc6gqzG5.s:177    .text:00000000000000e8 .L0 
     /tmp/cc6gqzG5.s:183    .text:00000000000000f0 .L0 
     /tmp/cc6gqzG5.s:185    .text:00000000000000f8 .L0 
     /tmp/cc6gqzG5.s:187    .text:00000000000000fc .L0 
     /tmp/cc6gqzG5.s:189    .text:0000000000000100 .L0 
     /tmp/cc6gqzG5.s:195    .text:0000000000000108 .L0 
     /tmp/cc6gqzG5.s:196    .text:000000000000010c .L0 
     /tmp/cc6gqzG5.s:197    .text:000000000000010c .L0 
     /tmp/cc6gqzG5.s:199    .text:0000000000000110 .L0 
     /tmp/cc6gqzG5.s:200    .text:0000000000000110 .L0 
     /tmp/cc6gqzG5.s:202    .text:0000000000000114 .L0 
     /tmp/cc6gqzG5.s:205    .text:0000000000000118 .L0 
     /tmp/cc6gqzG5.s:209    .text:000000000000011c .L0 
     /tmp/cc6gqzG5.s:213    .text:000000000000011c .L0 
     /tmp/cc6gqzG5.s:220    .text:000000000000012c .L0 
     /tmp/cc6gqzG5.s:221    .text:0000000000000130 .L0 
     /tmp/cc6gqzG5.s:226    .text:0000000000000130 _GLOBAL__sub_I__ZN9Scheduler16readyThreadQueueE
     /tmp/cc6gqzG5.s:229    .text:0000000000000130 .L0 
     /tmp/cc6gqzG5.s:230    .text:0000000000000130 .L0 
     /tmp/cc6gqzG5.s:231    .text:0000000000000134 .L0 
     /tmp/cc6gqzG5.s:234    .text:000000000000013c .L0 
     /tmp/cc6gqzG5.s:235    .text:000000000000013c .L0 
     /tmp/cc6gqzG5.s:237    .text:0000000000000140 .L0 
     /tmp/cc6gqzG5.s:239    .text:0000000000000140 .L0 
     /tmp/cc6gqzG5.s:245    .text:0000000000000158 .L0 
     /tmp/cc6gqzG5.s:247    .text:000000000000015c .L0 
     /tmp/cc6gqzG5.s:248    .text:000000000000015c .L0 
     /tmp/cc6gqzG5.s:250    .text:0000000000000160 .L0 
     /tmp/cc6gqzG5.s:252    .text:0000000000000164 .L0 
     /tmp/cc6gqzG5.s:264    .bss:0000000000000000 _ZN9Scheduler16readyThreadQueueE
     /tmp/cc6gqzG5.s:261    .bss:0000000000000000 .LANCHOR0
     /tmp/cc6gqzG5.s:271    .text:0000000000000164 .L0 
     /tmp/cc6gqzG5.s:43     .text:000000000000002c .L0 
     /tmp/cc6gqzG5.s:79     .text:0000000000000058 .L0 
     /tmp/cc6gqzG5.s:86     .text:0000000000000068 .L0 
     /tmp/cc6gqzG5.s:127    .text:00000000000000a8 .L0 
     /tmp/cc6gqzG5.s:183    .text:00000000000000f0 .L0 
     /tmp/cc6gqzG5.s:189    .text:0000000000000100 .L0 
     /tmp/cc6gqzG5.s:213    .text:000000000000011c .L0 
     /tmp/cc6gqzG5.s:31     .text:0000000000000020 .L4
     /tmp/cc6gqzG5.s:23     .text:0000000000000014 .L1
     /tmp/cc6gqzG5.s:130    .text:00000000000000b4 .L8
     /tmp/cc6gqzG5.s:122    .text:00000000000000a8 .L10
     /tmp/cc6gqzG5.s:89     .text:0000000000000074 .L7
     /tmp/cc6gqzG5.s:101    .text:000000000000008c .L5
     /tmp/cc6gqzG5.s:208    .text:000000000000011c .L12
     /tmp/cc6gqzG5.s:191    .text:0000000000000108 .L11
     /tmp/cc6gqzG5.s:1151   .debug_abbrev:0000000000000000 .Ldebug_abbrev0
     /tmp/cc6gqzG5.s:2372   .debug_str:00000000000004b2 .LASF71
     /tmp/cc6gqzG5.s:2390   .debug_str:0000000000000604 .LASF72
     /tmp/cc6gqzG5.s:2264   .debug_str:0000000000000102 .LASF73
     /tmp/cc6gqzG5.s:5      .text:0000000000000000 .Ltext0
     /tmp/cc6gqzG5.s:267    .text:0000000000000164 .Letext0
     /tmp/cc6gqzG5.s:2234   .debug_line:0000000000000000 .Ldebug_line0
     /tmp/cc6gqzG5.s:2332   .debug_str:0000000000000379 .LASF0
     /tmp/cc6gqzG5.s:2338   .debug_str:0000000000000396 .LASF1
GAS LISTING /tmp/cc6gqzG5.s 			page 10


     /tmp/cc6gqzG5.s:2322   .debug_str:000000000000032a .LASF2
     /tmp/cc6gqzG5.s:2300   .debug_str:0000000000000271 .LASF4
     /tmp/cc6gqzG5.s:2360   .debug_str:0000000000000459 .LASF3
     /tmp/cc6gqzG5.s:2248   .debug_str:000000000000006a .LASF5
     /tmp/cc6gqzG5.s:2340   .debug_str:00000000000003a9 .LASF6
     /tmp/cc6gqzG5.s:2330   .debug_str:0000000000000366 .LASF7
     /tmp/cc6gqzG5.s:2384   .debug_str:00000000000005bf .LASF8
     /tmp/cc6gqzG5.s:2290   .debug_str:0000000000000220 .LASF9
     /tmp/cc6gqzG5.s:2344   .debug_str:00000000000003c6 .LASF10
     /tmp/cc6gqzG5.s:2376   .debug_str:0000000000000582 .LASF11
     /tmp/cc6gqzG5.s:2250   .debug_str:0000000000000071 .LASF12
     /tmp/cc6gqzG5.s:2238   .debug_str:0000000000000035 .LASF13
     /tmp/cc6gqzG5.s:2258   .debug_str:00000000000000c4 .LASF14
     /tmp/cc6gqzG5.s:2356   .debug_str:000000000000043e .LASF15
     /tmp/cc6gqzG5.s:2266   .debug_str:0000000000000125 .LASF16
     /tmp/cc6gqzG5.s:2320   .debug_str:000000000000031a .LASF28
     /tmp/cc6gqzG5.s:2334   .debug_str:0000000000000386 .LASF37
     /tmp/cc6gqzG5.s:2368   .debug_str:00000000000004a4 .LASF17
     /tmp/cc6gqzG5.s:2394   .debug_str:0000000000000636 .LASF18
     /tmp/cc6gqzG5.s:2382   .debug_str:00000000000005af .LASF35
     /tmp/cc6gqzG5.s:2386   .debug_str:00000000000005cf .LASF74
     /tmp/cc6gqzG5.s:2336   .debug_str:0000000000000390 .LASF19
     /tmp/cc6gqzG5.s:2396   .debug_str:000000000000063b .LASF21
     /tmp/cc6gqzG5.s:2240   .debug_str:0000000000000045 .LASF20
     /tmp/cc6gqzG5.s:2392   .debug_str:0000000000000616 .LASF22
     /tmp/cc6gqzG5.s:2244   .debug_str:0000000000000056 .LASF26
     /tmp/cc6gqzG5.s:2246   .debug_str:0000000000000060 .LASF23
     /tmp/cc6gqzG5.s:2278   .debug_str:00000000000001af .LASF30
     /tmp/cc6gqzG5.s:2318   .debug_str:00000000000002fe .LASF46
     /tmp/cc6gqzG5.s:2328   .debug_str:000000000000035c .LASF24
     /tmp/cc6gqzG5.s:2310   .debug_str:00000000000002c0 .LASF25
     /tmp/cc6gqzG5.s:2242   .debug_str:000000000000004d .LASF27
     /tmp/cc6gqzG5.s:2362   .debug_str:000000000000046b .LASF29
     /tmp/cc6gqzG5.s:2236   .debug_str:0000000000000000 .LASF31
     /tmp/cc6gqzG5.s:2284   .debug_str:0000000000000202 .LASF32
     /tmp/cc6gqzG5.s:2342   .debug_str:00000000000003bc .LASF33
     /tmp/cc6gqzG5.s:2286   .debug_str:0000000000000207 .LASF34
     /tmp/cc6gqzG5.s:2296   .debug_str:0000000000000258 .LASF75
     /tmp/cc6gqzG5.s:2256   .debug_str:00000000000000ac .LASF76
     /tmp/cc6gqzG5.s:2316   .debug_str:00000000000002f4 .LASF36
     /tmp/cc6gqzG5.s:2378   .debug_str:0000000000000591 .LASF38
     /tmp/cc6gqzG5.s:2352   .debug_str:0000000000000422 .LASF39
     /tmp/cc6gqzG5.s:2326   .debug_str:000000000000033d .LASF40
     /tmp/cc6gqzG5.s:2388   .debug_str:00000000000005f7 .LASF41
     /tmp/cc6gqzG5.s:2268   .debug_str:000000000000013b .LASF42
     /tmp/cc6gqzG5.s:2364   .debug_str:0000000000000477 .LASF77
     /tmp/cc6gqzG5.s:2380   .debug_str:0000000000000596 .LASF78
     /tmp/cc6gqzG5.s:2272   .debug_str:000000000000015e .LASF43
     /tmp/cc6gqzG5.s:2324   .debug_str:0000000000000338 .LASF44
     /tmp/cc6gqzG5.s:2298   .debug_str:000000000000026c .LASF45
     /tmp/cc6gqzG5.s:2292   .debug_str:000000000000022e .LASF47
     /tmp/cc6gqzG5.s:2354   .debug_str:0000000000000427 .LASF48
     /tmp/cc6gqzG5.s:2294   .debug_str:0000000000000241 .LASF79
     /tmp/cc6gqzG5.s:2370   .debug_str:00000000000004a9 .LASF49
     /tmp/cc6gqzG5.s:2280   .debug_str:00000000000001c8 .LASF50
     /tmp/cc6gqzG5.s:2288   .debug_str:0000000000000218 .LASF51
     /tmp/cc6gqzG5.s:2276   .debug_str:0000000000000193 .LASF52
GAS LISTING /tmp/cc6gqzG5.s 			page 11


     /tmp/cc6gqzG5.s:2374   .debug_str:0000000000000576 .LASF53
     /tmp/cc6gqzG5.s:2350   .debug_str:0000000000000404 .LASF54
     /tmp/cc6gqzG5.s:2254   .debug_str:00000000000000a2 .LASF55
     /tmp/cc6gqzG5.s:2308   .debug_str:00000000000002a5 .LASF56
     /tmp/cc6gqzG5.s:2270   .debug_str:0000000000000153 .LASF57
     /tmp/cc6gqzG5.s:2282   .debug_str:00000000000001e5 .LASF58
     /tmp/cc6gqzG5.s:2312   .debug_str:00000000000002dc .LASF59
     /tmp/cc6gqzG5.s:2306   .debug_str:000000000000028b .LASF60
     /tmp/cc6gqzG5.s:2304   .debug_str:0000000000000283 .LASF61
     /tmp/cc6gqzG5.s:2366   .debug_str:0000000000000487 .LASF62
     /tmp/cc6gqzG5.s:2252   .debug_str:0000000000000081 .LASF80
     /tmp/cc6gqzG5.s:2274   .debug_str:0000000000000163 .LASF63
     /tmp/cc6gqzG5.s:227    .text:0000000000000130 .LFB24
     /tmp/cc6gqzG5.s:253    .text:0000000000000164 .LFE24
     /tmp/cc6gqzG5.s:243    .text:0000000000000154 .LVL20
     /tmp/cc6gqzG5.s:2346   .debug_str:00000000000003d5 .LASF64
     /tmp/cc6gqzG5.s:9      .text:0000000000000000 .LFB23
     /tmp/cc6gqzG5.s:53     .text:0000000000000040 .LFE23
     /tmp/cc6gqzG5.s:2314   .debug_str:00000000000002e5 .LASF65
     /tmp/cc6gqzG5.s:2302   .debug_str:0000000000000278 .LASF66
     /tmp/cc6gqzG5.s:38     .text:000000000000002c .LBB12
     /tmp/cc6gqzG5.s:49     .text:000000000000003c .LBE12
     /tmp/cc6gqzG5.s:2076   .debug_loc:0000000000000000 .LLST0
     /tmp/cc6gqzG5.s:2348   .debug_str:00000000000003ff .LASF67
     /tmp/cc6gqzG5.s:2262   .debug_str:00000000000000e3 .LASF69
     /tmp/cc6gqzG5.s:2358   .debug_str:0000000000000454 .LASF68
     /tmp/cc6gqzG5.s:2260   .debug_str:00000000000000d0 .LASF70
     /tmp/cc6gqzG5.s:145    .text:00000000000000bc .LFB12
     /tmp/cc6gqzG5.s:222    .text:0000000000000130 .LFE12
     /tmp/cc6gqzG5.s:2085   .debug_loc:000000000000002c .LLST5
     /tmp/cc6gqzG5.s:162    .text:00000000000000d4 .LBB32
     /tmp/cc6gqzG5.s:2220   .debug_ranges:0000000000000000 .Ldebug_ranges0
     /tmp/cc6gqzG5.s:2107   .debug_loc:000000000000008b .LLST6
     /tmp/cc6gqzG5.s:2122   .debug_loc:00000000000000d4 .LLST7
     /tmp/cc6gqzG5.s:164    .text:00000000000000d4 .LBB34
     /tmp/cc6gqzG5.s:173    .text:00000000000000e8 .LBE34
     /tmp/cc6gqzG5.s:2137   .debug_loc:000000000000011c .LLST8
     /tmp/cc6gqzG5.s:168    .text:00000000000000dc .LVL13
     /tmp/cc6gqzG5.s:171    .text:00000000000000e8 .LVL14
     /tmp/cc6gqzG5.s:174    .text:00000000000000e8 .LBB36
     /tmp/cc6gqzG5.s:181    .text:00000000000000f0 .LBE36
     /tmp/cc6gqzG5.s:2145   .debug_loc:0000000000000140 .LLST9
     /tmp/cc6gqzG5.s:2153   .debug_loc:0000000000000164 .LLST10
     /tmp/cc6gqzG5.s:2160   .debug_loc:0000000000000187 .LLST11
     /tmp/cc6gqzG5.s:59     .text:0000000000000040 .LFB11
     /tmp/cc6gqzG5.s:139    .text:00000000000000bc .LFE11
     /tmp/cc6gqzG5.s:76     .text:0000000000000058 .LBB19
     /tmp/cc6gqzG5.s:2167   .debug_loc:00000000000001aa .LLST1
     /tmp/cc6gqzG5.s:2182   .debug_loc:00000000000001f2 .LLST2
     /tmp/cc6gqzG5.s:2193   .debug_loc:0000000000000228 .LLST3
     /tmp/cc6gqzG5.s:93     .text:0000000000000078 .LBB21
     /tmp/cc6gqzG5.s:103    .text:000000000000008c .LBE21
     /tmp/cc6gqzG5.s:2200   .debug_loc:000000000000024b .LLST4
     /tmp/cc6gqzG5.s:97     .text:0000000000000080 .LVL6
     /tmp/cc6gqzG5.s:100    .text:000000000000008c .LVL7
     /tmp/cc6gqzG5.s:37     .text:000000000000002c .LVL1
     /tmp/cc6gqzG5.s:46     .text:000000000000003c .LVL2
GAS LISTING /tmp/cc6gqzG5.s 			page 12


     /tmp/cc6gqzG5.s:148    .text:00000000000000bc .LVL11
     /tmp/cc6gqzG5.s:203    .text:0000000000000114 .LVL17
     /tmp/cc6gqzG5.s:207    .text:000000000000011c .LVL18
     /tmp/cc6gqzG5.s:161    .text:00000000000000d4 .LVL12
     /tmp/cc6gqzG5.s:190    .text:0000000000000108 .LVL16
     /tmp/cc6gqzG5.s:216    .text:000000000000012c .LVL19
     /tmp/cc6gqzG5.s:179    .text:00000000000000f0 .LVL15
     /tmp/cc6gqzG5.s:75     .text:0000000000000058 .LVL3
     /tmp/cc6gqzG5.s:121    .text:00000000000000a8 .LVL8
     /tmp/cc6gqzG5.s:133    .text:00000000000000b8 .LVL10
     /tmp/cc6gqzG5.s:82     .text:0000000000000064 .LVL4
     /tmp/cc6gqzG5.s:129    .text:00000000000000b4 .LVL9
     /tmp/cc6gqzG5.s:92     .text:0000000000000078 .LVL5
     /tmp/cc6gqzG5.s:272    .debug_info:0000000000000000 .Ldebug_info0
     /tmp/cc6gqzG5.s:105    .text:000000000000008c .LBE19
     /tmp/cc6gqzG5.s:124    .text:00000000000000a8 .LBB24
     /tmp/cc6gqzG5.s:135    .text:00000000000000b8 .LBE24
     /tmp/cc6gqzG5.s:193    .text:0000000000000108 .LBE32
     /tmp/cc6gqzG5.s:210    .text:000000000000011c .LBB39
     /tmp/cc6gqzG5.s:218    .text:000000000000012c .LBE39

UNDEFINED SYMBOLS
_ZN15MemoryAllocator15createAllocatorEv
_ZN15MemoryAllocator7deallocEPv
_ZN15MemoryAllocator5allocEm
