GAS LISTING /tmp/cc9k3mhm.s 			page 1


   1              		.file	"tcb.cpp"
   2              		.option pic
   3              		.option norelax
   4              		.text
   5              	.Ltext0:
   6              		.align	2
   7              		.globl	_ZN3TCB13firstFunctionEv
   9              	_ZN3TCB13firstFunctionEv:
  10              	.LFB48:
  11              		.file 1 "src/tcb.cpp"
   1:src/tcb.cpp   **** //
   2:src/tcb.cpp   **** // Created by os on 3/3/25.
   3:src/tcb.cpp   **** //
   4:src/tcb.cpp   **** 
   5:src/tcb.cpp   **** //
   6:src/tcb.cpp   **** // Created by marko on 20.4.22..
   7:src/tcb.cpp   **** //
   8:src/tcb.cpp   **** 
   9:src/tcb.cpp   **** #include "../h/tcb.hpp"
  10:src/tcb.cpp   **** #include "../h/riscv.hpp"
  11:src/tcb.cpp   **** 
  12:src/tcb.cpp   **** TCB *TCB::running = nullptr;
  13:src/tcb.cpp   **** 
  14:src/tcb.cpp   **** TCB::~TCB(){
  15:src/tcb.cpp   ****   if(function) delete stack;
  16:src/tcb.cpp   **** }
  17:src/tcb.cpp   **** 
  18:src/tcb.cpp   **** 
  19:src/tcb.cpp   **** TCB *TCB::createThread(ThreadFunction f,void* arg,uint64* stack,bool kernel)
  20:src/tcb.cpp   **** {
  21:src/tcb.cpp   ****     return new TCB(f,arg,stack,kernel);
  22:src/tcb.cpp   **** }
  23:src/tcb.cpp   **** 
  24:src/tcb.cpp   **** 
  25:src/tcb.cpp   **** 
  26:src/tcb.cpp   **** void TCB::dispatch()
  27:src/tcb.cpp   **** {
  28:src/tcb.cpp   ****     TCB *old = running;
  29:src/tcb.cpp   ****     if (!old->isFinished()) { Scheduler::put(old); }
  30:src/tcb.cpp   ****     running = Scheduler::get();
  31:src/tcb.cpp   **** 
  32:src/tcb.cpp   ****     TCB::contextSwitch(&old->context, &running->context);
  33:src/tcb.cpp   **** }
  34:src/tcb.cpp   **** 
  35:src/tcb.cpp   **** void TCB::firstFunction(){
  12              		.loc 1 35 26
  13              		.cfi_startproc
  14 0000 130101FF 		addi	sp,sp,-16
  15              		.cfi_def_cfa_offset 16
  16 0004 23341100 		sd	ra,8(sp)
  17 0008 23308100 		sd	s0,0(sp)
  18              		.cfi_offset 1, -8
  19              		.cfi_offset 8, -16
  20 000c 13040101 		addi	s0,sp,16
  21              		.cfi_def_cfa 8, 0
  36:src/tcb.cpp   **** 
  37:src/tcb.cpp   ****     Riscv::popSppSpie();
GAS LISTING /tmp/cc9k3mhm.s 			page 2


  22              		.loc 1 37 5
  23              		.loc 1 37 22 is_stmt 0
  24 0010 97000000 		call	_ZN5Riscv10popSppSpieEv@plt
  24      E7800000 
  25              	.LVL0:
  38:src/tcb.cpp   ****     running->function(running->arg);
  26              		.loc 1 38 5 is_stmt 1
  27              		.loc 1 38 14 is_stmt 0
  28 0018 97070000 		ld	a5,.LANCHOR0
  28      83B70700 
  29 0020 03B70700 		ld	a4,0(a5)
  30              		.loc 1 38 22
  31 0024 03B50702 		ld	a0,32(a5)
  32 0028 E7000700 		jalr	a4
  33              	.LVL1:
  39:src/tcb.cpp   ****     thread_exit();
  34              		.loc 1 39 5 is_stmt 1
  35              		.loc 1 39 16 is_stmt 0
  36 002c 97000000 		call	_Z11thread_exitv@plt
  36      E7800000 
  37              	.LVL2:
  40:src/tcb.cpp   **** }
  38              		.loc 1 40 1
  39 0034 83308100 		ld	ra,8(sp)
  40              		.cfi_restore 1
  41 0038 03340100 		ld	s0,0(sp)
  42              		.cfi_restore 8
  43              		.cfi_def_cfa 2, 16
  44 003c 13010101 		addi	sp,sp,16
  45              		.cfi_def_cfa_offset 0
  46 0040 67800000 		jr	ra
  47              		.cfi_endproc
  48              	.LFE48:
  50              		.align	2
  51              		.globl	_ZN3TCBD2Ev
  53              	_ZN3TCBD2Ev:
  54              	.LFB44:
  14:src/tcb.cpp   ****   if(function) delete stack;
  55              		.loc 1 14 1 is_stmt 1
  56              		.cfi_startproc
  57              	.LVL3:
  58              	.LBB11:
  15:src/tcb.cpp   **** }
  59              		.loc 1 15 3
  15:src/tcb.cpp   **** }
  60              		.loc 1 15 6 is_stmt 0
  61 0044 83370500 		ld	a5,0(a0)
  15:src/tcb.cpp   **** }
  62              		.loc 1 15 3
  63 0048 638A0702 		beqz	a5,.L6
  15:src/tcb.cpp   **** }
  64              		.loc 1 15 16 is_stmt 1 discriminator 1
  15:src/tcb.cpp   **** }
  65              		.loc 1 15 23 is_stmt 0 discriminator 1
  66 004c 03358500 		ld	a0,8(a0)
  67              	.LVL4:
  15:src/tcb.cpp   **** }
GAS LISTING /tmp/cc9k3mhm.s 			page 3


  68              		.loc 1 15 28 discriminator 1
  69 0050 63060502 		beqz	a0,.L6
  70              	.LBE11:
  14:src/tcb.cpp   ****   if(function) delete stack;
  71              		.loc 1 14 1 discriminator 2
  72 0054 130101FF 		addi	sp,sp,-16
  73              		.cfi_def_cfa_offset 16
  74 0058 23341100 		sd	ra,8(sp)
  75 005c 23308100 		sd	s0,0(sp)
  76              		.cfi_offset 1, -8
  77              		.cfi_offset 8, -16
  78 0060 13040101 		addi	s0,sp,16
  79              		.cfi_def_cfa 8, 0
  80              	.LBB12:
  15:src/tcb.cpp   **** }
  81              		.loc 1 15 23 discriminator 2
  82 0064 97000000 		call	_ZdlPv@plt
  82      E7800000 
  83              	.LVL5:
  84              	.LBE12:
  16:src/tcb.cpp   **** 
  85              		.loc 1 16 1 discriminator 2
  86 006c 83308100 		ld	ra,8(sp)
  87              		.cfi_restore 1
  88 0070 03340100 		ld	s0,0(sp)
  89              		.cfi_restore 8
  90              		.cfi_def_cfa 2, 16
  91 0074 13010101 		addi	sp,sp,16
  92              		.cfi_def_cfa_offset 0
  93 0078 67800000 		jr	ra
  94              	.L6:
  95 007c 67800000 		ret
  96              		.cfi_endproc
  97              	.LFE44:
  99              		.globl	_ZN3TCBD1Ev
 100              		.set	_ZN3TCBD1Ev,_ZN3TCBD2Ev
 101              		.align	2
 102              		.globl	_ZN3TCB12createThreadEPFvPvES0_Pmb
 104              	_ZN3TCB12createThreadEPFvPvES0_Pmb:
 105              	.LFB46:
  20:src/tcb.cpp   ****     return new TCB(f,arg,stack,kernel);
 106              		.loc 1 20 1 is_stmt 1
 107              		.cfi_startproc
 108              		.cfi_personality 0x9b,DW.ref.__gxx_personality_v0
 109              		.cfi_lsda 0x1b,.LLSDA46
 110              	.LVL6:
 111 0080 130101FC 		addi	sp,sp,-64
 112              		.cfi_def_cfa_offset 64
 113 0084 233C1102 		sd	ra,56(sp)
 114 0088 23388102 		sd	s0,48(sp)
 115 008c 23349102 		sd	s1,40(sp)
 116 0090 23302103 		sd	s2,32(sp)
 117 0094 233C3101 		sd	s3,24(sp)
 118 0098 23384101 		sd	s4,16(sp)
 119 009c 23345101 		sd	s5,8(sp)
 120              		.cfi_offset 1, -8
 121              		.cfi_offset 8, -16
GAS LISTING /tmp/cc9k3mhm.s 			page 4


 122              		.cfi_offset 9, -24
 123              		.cfi_offset 18, -32
 124              		.cfi_offset 19, -40
 125              		.cfi_offset 20, -48
 126              		.cfi_offset 21, -56
 127 00a0 13040104 		addi	s0,sp,64
 128              		.cfi_def_cfa 8, 0
 129 00a4 13090500 		mv	s2,a0
 130 00a8 938A0500 		mv	s5,a1
 131 00ac 93090600 		mv	s3,a2
 132 00b0 138A0600 		mv	s4,a3
  21:src/tcb.cpp   **** }
 133              		.loc 1 21 5
 134              	.LVL7:
 135              	.LBB13:
 136              	.LBB14:
 137              		.file 2 "src/../h/tcb.hpp"
   1:src/../h/tcb.hpp **** //
   2:src/../h/tcb.hpp **** // Created by os on 3/3/25.
   3:src/../h/tcb.hpp **** //
   4:src/../h/tcb.hpp **** //Thread Control Block
   5:src/../h/tcb.hpp **** #ifndef _TCB_H
   6:src/../h/tcb.hpp **** #define _TCB_H
   7:src/../h/tcb.hpp **** 
   8:src/../h/tcb.hpp **** #include "../lib/hw.h"
   9:src/../h/tcb.hpp **** #include "../h/scheduler.hpp"
  10:src/../h/tcb.hpp **** #include "../h/syscall_c.hpp"
  11:src/../h/tcb.hpp **** 
  12:src/../h/tcb.hpp **** 
  13:src/../h/tcb.hpp **** //this is thread control block,information about every created thread
  14:src/../h/tcb.hpp **** class TCB {
  15:src/../h/tcb.hpp ****   public:
  16:src/../h/tcb.hpp **** 
  17:src/../h/tcb.hpp ****     ~TCB();
  18:src/../h/tcb.hpp **** 
  19:src/../h/tcb.hpp ****     friend class SemaforKernel;
  20:src/../h/tcb.hpp **** 
  21:src/../h/tcb.hpp ****     using ThreadFunction=void (*)(void*);
  22:src/../h/tcb.hpp **** 
  23:src/../h/tcb.hpp ****     bool isFinished() const{ return finished; }
  24:src/../h/tcb.hpp **** 
  25:src/../h/tcb.hpp ****     void setFinished(bool finish){ finished=finish; }
  26:src/../h/tcb.hpp **** 
  27:src/../h/tcb.hpp ****    static TCB* createThread(ThreadFunction func, void* arg,uint64* stack,bool kernel=false);
  28:src/../h/tcb.hpp **** 
  29:src/../h/tcb.hpp ****    static TCB* running;
  30:src/../h/tcb.hpp **** 
  31:src/../h/tcb.hpp ****    static uint64 const STACK_SIZE = 1024;
  32:src/../h/tcb.hpp **** 
  33:src/../h/tcb.hpp ****     void* operator new(size_t size){ return MemoryAllocator::createAllocator()->alloc(size); }
 138              		.loc 2 33 38
 139              	.LEHB0:
 140              		.loc 2 33 86 is_stmt 0
 141 00b4 97000000 		call	_ZN15MemoryAllocator15createAllocatorEv@plt
 141      E7800000 
 142              	.LVL8:
 143 00bc 93050003 		li	a1,48
GAS LISTING /tmp/cc9k3mhm.s 			page 5


 144 00c0 97000000 		call	_ZN15MemoryAllocator5allocEm@plt
 144      E7800000 
 145              	.LVL9:
 146              	.LEHE0:
 147 00c8 93040500 		mv	s1,a0
 148              	.LVL10:
 149              	.LBE14:
 150              	.LBE13:
 151              	.LBB15:
 152              	.LBB16:
  34:src/../h/tcb.hpp ****     void operator delete(void* p){ MemoryAllocator::createAllocator()->dealloc(p); }
  35:src/../h/tcb.hpp ****     void* operator new[](size_t size){ return MemoryAllocator::createAllocator()->alloc(size); }
  36:src/../h/tcb.hpp ****     void operator delete[](void* p){ MemoryAllocator::createAllocator()->dealloc(p);  }
  37:src/../h/tcb.hpp **** 
  38:src/../h/tcb.hpp **** 
  39:src/../h/tcb.hpp ****  private:
  40:src/../h/tcb.hpp **** 
  41:src/../h/tcb.hpp **** 
  42:src/../h/tcb.hpp ****     TCB(ThreadFunction f,void* arguments,uint64* st,bool kernel=false):
  43:src/../h/tcb.hpp ****             function(f),
  44:src/../h/tcb.hpp ****             stack(f != nullptr ? st : nullptr),
  45:src/../h/tcb.hpp ****             context({
  46:src/../h/tcb.hpp ****                      st != nullptr ? (uint64) &stack[STACK_SIZE] : 0,
  47:src/../h/tcb.hpp ****                 (uint64) &firstFunction,
  48:src/../h/tcb.hpp ****                     }),
  49:src/../h/tcb.hpp ****             arg(arguments),
  50:src/../h/tcb.hpp ****     finished(false), kernelThread(kernel)
 153              		.loc 2 50 41
 154 00cc 23302501 		sd	s2,0(a0)
  44:src/../h/tcb.hpp ****             context({
 155              		.loc 2 44 32
 156 00d0 63060904 		beqz	s2,.L14
 157 00d4 93870900 		mv	a5,s3
 158              	.L10:
 159              		.loc 2 50 41
 160 00d8 23B4F400 		sd	a5,8(s1)
  46:src/../h/tcb.hpp ****                 (uint64) &firstFunction,
 161              		.loc 2 46 36
 162 00dc 63840904 		beqz	s3,.L15
  46:src/../h/tcb.hpp ****                 (uint64) &firstFunction,
 163              		.loc 2 46 47
 164 00e0 37270000 		li	a4,8192
 165 00e4 B387E700 		add	a5,a5,a4
 166              	.L11:
 167              		.loc 2 50 41
 168 00e8 23B8F400 		sd	a5,16(s1)
 169 00ec 97070000 		lla	a5,_ZN3TCB13firstFunctionEv
 169      93870700 
 170 00f4 23BCF400 		sd	a5,24(s1)
 171 00f8 23B05403 		sd	s5,32(s1)
 172 00fc 23840402 		sb	zero,40(s1)
 173 0100 A3840402 		sb	zero,41(s1)
 174 0104 23854403 		sb	s4,42(s1)
  51:src/../h/tcb.hpp ****    {
  52:src/../h/tcb.hpp ****       if (f != nullptr) { Scheduler::put(this); }
 175              		.loc 2 52 7 is_stmt 1
 176 0108 63040904 		beqz	s2,.L9
GAS LISTING /tmp/cc9k3mhm.s 			page 6


 177              		.loc 2 52 27
 178              		.loc 2 52 41 is_stmt 0
 179 010c 13850400 		mv	a0,s1
 180              	.LEHB1:
 181 0110 97000000 		call	_ZN9Scheduler3putEP3TCB@plt
 181      E7800000 
 182              	.LVL11:
 183              	.LEHE1:
 184 0118 6F008003 		j	.L9
 185              	.L14:
  44:src/../h/tcb.hpp ****             context({
 186              		.loc 2 44 32
 187 011c 93070000 		li	a5,0
 188 0120 6FF09FFB 		j	.L10
 189              	.L15:
  46:src/../h/tcb.hpp ****                 (uint64) &firstFunction,
 190              		.loc 2 46 36
 191 0124 93070000 		li	a5,0
 192 0128 6FF01FFC 		j	.L11
 193              	.L16:
 194 012c 13090500 		mv	s2,a0
 195              	.LVL12:
 196              	.LBE16:
 197              	.LBE15:
 198              	.LBB17:
 199              	.LBB18:
  34:src/../h/tcb.hpp ****     void* operator new[](size_t size){ return MemoryAllocator::createAllocator()->alloc(size); }
 200              		.loc 2 34 36 is_stmt 1
  34:src/../h/tcb.hpp ****     void* operator new[](size_t size){ return MemoryAllocator::createAllocator()->alloc(size); }
 201              		.loc 2 34 79 is_stmt 0
 202 0130 97000000 		call	_ZN15MemoryAllocator15createAllocatorEv@plt
 202      E7800000 
 203              	.LVL13:
 204 0138 93850400 		mv	a1,s1
 205 013c 97000000 		call	_ZN15MemoryAllocator7deallocEPv@plt
 205      E7800000 
 206              	.LVL14:
 207 0144 13050900 		mv	a0,s2
 208              	.LEHB2:
 209 0148 97000000 		call	_Unwind_Resume@plt
 209      E7800000 
 210              	.LVL15:
 211              	.LEHE2:
 212              	.L9:
 213              	.LBE18:
 214              	.LBE17:
  22:src/tcb.cpp   **** 
 215              		.loc 1 22 1
 216 0150 13850400 		mv	a0,s1
 217 0154 83308103 		ld	ra,56(sp)
 218              		.cfi_restore 1
 219 0158 03340103 		ld	s0,48(sp)
 220              		.cfi_restore 8
 221              		.cfi_def_cfa 2, 64
 222 015c 83348102 		ld	s1,40(sp)
 223              		.cfi_restore 9
 224              	.LVL16:
GAS LISTING /tmp/cc9k3mhm.s 			page 7


 225 0160 03390102 		ld	s2,32(sp)
 226              		.cfi_restore 18
 227              	.LVL17:
 228 0164 83398101 		ld	s3,24(sp)
 229              		.cfi_restore 19
 230              	.LVL18:
 231 0168 033A0101 		ld	s4,16(sp)
 232              		.cfi_restore 20
 233              	.LVL19:
 234 016c 833A8100 		ld	s5,8(sp)
 235              		.cfi_restore 21
 236              	.LVL20:
 237 0170 13010104 		addi	sp,sp,64
 238              		.cfi_def_cfa_offset 0
 239 0174 67800000 		jr	ra
 240              		.cfi_endproc
 241              	.LFE46:
 242              		.globl	__gxx_personality_v0
 243              		.section	.gcc_except_table,"a",@progbits
 244              	.LLSDA46:
 245 0000 FF       		.byte	0xff
 246 0001 FF       		.byte	0xff
 247 0002 03       		.byte	0x3
 248 0003 27       		.byte	0x27
 249 0004 00000000 		.4byte	.LEHB0-.LFB46
 250 0008 00000000 		.4byte	.LEHE0-.LEHB0
 251 000c 00000000 		.4byte	0
 252 0010 00       		.byte	0
 253 0011 00000000 		.4byte	.LEHB1-.LFB46
 254 0015 00000000 		.4byte	.LEHE1-.LEHB1
 255 0019 00000000 		.4byte	.L16-.LFB46
 256 001d 00       		.byte	0
 257 001e 00000000 		.4byte	.LEHB2-.LFB46
 258 0022 00000000 		.4byte	.LEHE2-.LEHB2
 259 0026 00000000 		.4byte	0
 260 002a 00       		.byte	0
 261              		.text
 263              		.align	2
 264              		.globl	_ZN3TCB8dispatchEv
 266              	_ZN3TCB8dispatchEv:
 267              	.LFB47:
  27:src/tcb.cpp   ****     TCB *old = running;
 268              		.loc 1 27 1 is_stmt 1
 269              		.cfi_startproc
 270 0178 130101FE 		addi	sp,sp,-32
 271              		.cfi_def_cfa_offset 32
 272 017c 233C1100 		sd	ra,24(sp)
 273 0180 23388100 		sd	s0,16(sp)
 274 0184 23349100 		sd	s1,8(sp)
 275              		.cfi_offset 1, -8
 276              		.cfi_offset 8, -16
 277              		.cfi_offset 9, -24
 278 0188 13040102 		addi	s0,sp,32
 279              		.cfi_def_cfa 8, 0
  28:src/tcb.cpp   ****     if (!old->isFinished()) { Scheduler::put(old); }
 280              		.loc 1 28 5
  28:src/tcb.cpp   ****     if (!old->isFinished()) { Scheduler::put(old); }
GAS LISTING /tmp/cc9k3mhm.s 			page 8


 281              		.loc 1 28 10 is_stmt 0
 282 018c 97040000 		ld	s1,.LANCHOR0
 282      83B40400 
 283              	.LVL21:
  29:src/tcb.cpp   ****     running = Scheduler::get();
 284              		.loc 1 29 5 is_stmt 1
 285              	.LBB19:
 286              	.LBB20:
  23:src/../h/tcb.hpp **** 
 287              		.loc 2 23 30
  23:src/../h/tcb.hpp **** 
 288              		.loc 2 23 37 is_stmt 0
 289 0194 83C78402 		lbu	a5,40(s1)
 290              	.LVL22:
 291              	.LBE20:
 292              	.LBE19:
  29:src/tcb.cpp   ****     running = Scheduler::get();
 293              		.loc 1 29 5
 294 0198 638C0702 		beqz	a5,.L21
 295              	.L19:
  30:src/tcb.cpp   **** 
 296              		.loc 1 30 5 is_stmt 1
  30:src/tcb.cpp   **** 
 297              		.loc 1 30 29 is_stmt 0
 298 019c 97000000 		call	_ZN9Scheduler3getEv@plt
 298      E7800000 
 299              	.LVL23:
  30:src/tcb.cpp   **** 
 300              		.loc 1 30 13
 301 01a4 97070000 		sd	a0,.LANCHOR0,a5
 301      23B0A700 
  32:src/tcb.cpp   **** }
 302              		.loc 1 32 5 is_stmt 1
  32:src/tcb.cpp   **** }
 303              		.loc 1 32 23 is_stmt 0
 304 01ac 93050501 		addi	a1,a0,16
 305 01b0 13850401 		addi	a0,s1,16
 306 01b4 97000000 		call	_ZN3TCB13contextSwitchEPNS_7ContextES1_@plt
 306      E7800000 
 307              	.LVL24:
  33:src/tcb.cpp   **** 
 308              		.loc 1 33 1
 309 01bc 83308101 		ld	ra,24(sp)
 310              		.cfi_remember_state
 311              		.cfi_restore 1
 312 01c0 03340101 		ld	s0,16(sp)
 313              		.cfi_restore 8
 314              		.cfi_def_cfa 2, 32
 315 01c4 83348100 		ld	s1,8(sp)
 316              		.cfi_restore 9
 317              	.LVL25:
 318 01c8 13010102 		addi	sp,sp,32
 319              		.cfi_def_cfa_offset 0
 320 01cc 67800000 		jr	ra
 321              	.LVL26:
 322              	.L21:
 323              		.cfi_restore_state
GAS LISTING /tmp/cc9k3mhm.s 			page 9


  29:src/tcb.cpp   ****     running = Scheduler::get();
 324              		.loc 1 29 31 is_stmt 1 discriminator 1
  29:src/tcb.cpp   ****     running = Scheduler::get();
 325              		.loc 1 29 45 is_stmt 0 discriminator 1
 326 01d0 13850400 		mv	a0,s1
 327 01d4 97000000 		call	_ZN9Scheduler3putEP3TCB@plt
 327      E7800000 
 328              	.LVL27:
 329 01dc 6FF01FFC 		j	.L19
 330              		.cfi_endproc
 331              	.LFE47:
 333              		.globl	_ZN3TCB7runningE
 334              		.bss
 335              		.align	3
 336              		.set	.LANCHOR0,. + 0
 339              	_ZN3TCB7runningE:
 340 0000 00000000 		.zero	8
 340      00000000 
 341              		.text
 342              	.Letext0:
 343              		.file 3 "src/../h/../lib/hw.h"
 344              		.file 4 "src/../h/../h/../h/../h/memallocator.hpp"
 345              		.file 5 "src/../h/../h/scheduler.hpp"
 346              		.file 6 "src/../h/riscv.hpp"
 347              		.file 7 "src/../h/../h/syscall_c.hpp"
 3074              		.align	3
 3077              	DW.ref.__gxx_personality_v0:
 3078 0000 00000000 		.dword	__gxx_personality_v0
 3078      00000000 
 3079              		.ident	"GCC: (Ubuntu 9.4.0-1ubuntu1~20.04) 9.4.0"
 3080              		.section	.note.GNU-stack,"",@progbits
GAS LISTING /tmp/cc9k3mhm.s 			page 10


DEFINED SYMBOLS
                            *ABS*:0000000000000000 tcb.cpp
     /tmp/cc9k3mhm.s:9      .text:0000000000000000 _ZN3TCB13firstFunctionEv
     /tmp/cc9k3mhm.s:13     .text:0000000000000000 .L0 
     /tmp/cc9k3mhm.s:14     .text:0000000000000000 .L0 
     /tmp/cc9k3mhm.s:15     .text:0000000000000004 .L0 
     /tmp/cc9k3mhm.s:18     .text:000000000000000c .L0 
     /tmp/cc9k3mhm.s:19     .text:000000000000000c .L0 
     /tmp/cc9k3mhm.s:21     .text:0000000000000010 .L0 
     /tmp/cc9k3mhm.s:23     .text:0000000000000010 .L0 
     /tmp/cc9k3mhm.s:24     .text:0000000000000010 .L0 
     /tmp/cc9k3mhm.s:27     .text:0000000000000018 .L0 
     /tmp/cc9k3mhm.s:28     .text:0000000000000018 .L0 
     /tmp/cc9k3mhm.s:31     .text:0000000000000024 .L0 
     /tmp/cc9k3mhm.s:35     .text:000000000000002c .L0 
     /tmp/cc9k3mhm.s:36     .text:000000000000002c .L0 
     /tmp/cc9k3mhm.s:39     .text:0000000000000034 .L0 
     /tmp/cc9k3mhm.s:40     .text:0000000000000038 .L0 
     /tmp/cc9k3mhm.s:42     .text:000000000000003c .L0 
     /tmp/cc9k3mhm.s:43     .text:000000000000003c .L0 
     /tmp/cc9k3mhm.s:45     .text:0000000000000040 .L0 
     /tmp/cc9k3mhm.s:47     .text:0000000000000044 .L0 
     /tmp/cc9k3mhm.s:53     .text:0000000000000044 _ZN3TCBD2Ev
     /tmp/cc9k3mhm.s:56     .text:0000000000000044 .L0 
     /tmp/cc9k3mhm.s:59     .text:0000000000000044 .L0 
     /tmp/cc9k3mhm.s:60     .text:0000000000000044 .L0 
     /tmp/cc9k3mhm.s:61     .text:0000000000000044 .L0 
     /tmp/cc9k3mhm.s:63     .text:0000000000000048 .L0 
     /tmp/cc9k3mhm.s:65     .text:000000000000004c .L0 
     /tmp/cc9k3mhm.s:66     .text:000000000000004c .L0 
     /tmp/cc9k3mhm.s:69     .text:0000000000000050 .L0 
     /tmp/cc9k3mhm.s:72     .text:0000000000000054 .L0 
     /tmp/cc9k3mhm.s:73     .text:0000000000000058 .L0 
     /tmp/cc9k3mhm.s:76     .text:0000000000000060 .L0 
     /tmp/cc9k3mhm.s:77     .text:0000000000000060 .L0 
     /tmp/cc9k3mhm.s:79     .text:0000000000000064 .L0 
     /tmp/cc9k3mhm.s:82     .text:0000000000000064 .L0 
     /tmp/cc9k3mhm.s:86     .text:000000000000006c .L0 
     /tmp/cc9k3mhm.s:87     .text:0000000000000070 .L0 
     /tmp/cc9k3mhm.s:89     .text:0000000000000074 .L0 
     /tmp/cc9k3mhm.s:90     .text:0000000000000074 .L0 
     /tmp/cc9k3mhm.s:92     .text:0000000000000078 .L0 
     /tmp/cc9k3mhm.s:96     .text:0000000000000080 .L0 
     /tmp/cc9k3mhm.s:53     .text:0000000000000044 _ZN3TCBD1Ev
     /tmp/cc9k3mhm.s:104    .text:0000000000000080 _ZN3TCB12createThreadEPFvPvES0_Pmb
     /tmp/cc9k3mhm.s:107    .text:0000000000000080 .L0 
     /tmp/cc9k3mhm.s:3077   .data.rel.local.DW.ref.__gxx_personality_v0:0000000000000000 DW.ref.__gxx_personality_v0
     /tmp/cc9k3mhm.s:111    .text:0000000000000080 .L0 
     /tmp/cc9k3mhm.s:112    .text:0000000000000084 .L0 
     /tmp/cc9k3mhm.s:120    .text:00000000000000a0 .L0 
     /tmp/cc9k3mhm.s:121    .text:00000000000000a0 .L0 
     /tmp/cc9k3mhm.s:122    .text:00000000000000a0 .L0 
     /tmp/cc9k3mhm.s:123    .text:00000000000000a0 .L0 
     /tmp/cc9k3mhm.s:124    .text:00000000000000a0 .L0 
     /tmp/cc9k3mhm.s:125    .text:00000000000000a0 .L0 
     /tmp/cc9k3mhm.s:126    .text:00000000000000a0 .L0 
     /tmp/cc9k3mhm.s:128    .text:00000000000000a4 .L0 
GAS LISTING /tmp/cc9k3mhm.s 			page 11


     /tmp/cc9k3mhm.s:138    .text:00000000000000b4 .L0 
     /tmp/cc9k3mhm.s:140    .text:00000000000000b4 .L0 
     /tmp/cc9k3mhm.s:141    .text:00000000000000b4 .L0 
     /tmp/cc9k3mhm.s:154    .text:00000000000000cc .L0 
     /tmp/cc9k3mhm.s:156    .text:00000000000000d0 .L0 
     /tmp/cc9k3mhm.s:160    .text:00000000000000d8 .L0 
     /tmp/cc9k3mhm.s:162    .text:00000000000000dc .L0 
     /tmp/cc9k3mhm.s:164    .text:00000000000000e0 .L0 
     /tmp/cc9k3mhm.s:168    .text:00000000000000e8 .L0 
     /tmp/cc9k3mhm.s:176    .text:0000000000000108 .L0 
     /tmp/cc9k3mhm.s:178    .text:000000000000010c .L0 
     /tmp/cc9k3mhm.s:179    .text:000000000000010c .L0 
     /tmp/cc9k3mhm.s:187    .text:000000000000011c .L0 
     /tmp/cc9k3mhm.s:191    .text:0000000000000124 .L0 
     /tmp/cc9k3mhm.s:201    .text:0000000000000130 .L0 
     /tmp/cc9k3mhm.s:202    .text:0000000000000130 .L0 
     /tmp/cc9k3mhm.s:216    .text:0000000000000150 .L0 
     /tmp/cc9k3mhm.s:218    .text:0000000000000158 .L0 
     /tmp/cc9k3mhm.s:220    .text:000000000000015c .L0 
     /tmp/cc9k3mhm.s:221    .text:000000000000015c .L0 
     /tmp/cc9k3mhm.s:223    .text:0000000000000160 .L0 
     /tmp/cc9k3mhm.s:226    .text:0000000000000164 .L0 
     /tmp/cc9k3mhm.s:229    .text:0000000000000168 .L0 
     /tmp/cc9k3mhm.s:232    .text:000000000000016c .L0 
     /tmp/cc9k3mhm.s:235    .text:0000000000000170 .L0 
     /tmp/cc9k3mhm.s:238    .text:0000000000000174 .L0 
     /tmp/cc9k3mhm.s:240    .text:0000000000000178 .L0 
     /tmp/cc9k3mhm.s:266    .text:0000000000000178 _ZN3TCB8dispatchEv
     /tmp/cc9k3mhm.s:269    .text:0000000000000178 .L0 
     /tmp/cc9k3mhm.s:270    .text:0000000000000178 .L0 
     /tmp/cc9k3mhm.s:271    .text:000000000000017c .L0 
     /tmp/cc9k3mhm.s:275    .text:0000000000000188 .L0 
     /tmp/cc9k3mhm.s:276    .text:0000000000000188 .L0 
     /tmp/cc9k3mhm.s:277    .text:0000000000000188 .L0 
     /tmp/cc9k3mhm.s:279    .text:000000000000018c .L0 
     /tmp/cc9k3mhm.s:281    .text:000000000000018c .L0 
     /tmp/cc9k3mhm.s:282    .text:000000000000018c .L0 
     /tmp/cc9k3mhm.s:287    .text:0000000000000194 .L0 
     /tmp/cc9k3mhm.s:288    .text:0000000000000194 .L0 
     /tmp/cc9k3mhm.s:289    .text:0000000000000194 .L0 
     /tmp/cc9k3mhm.s:294    .text:0000000000000198 .L0 
     /tmp/cc9k3mhm.s:297    .text:000000000000019c .L0 
     /tmp/cc9k3mhm.s:298    .text:000000000000019c .L0 
     /tmp/cc9k3mhm.s:301    .text:00000000000001a4 .L0 
     /tmp/cc9k3mhm.s:303    .text:00000000000001ac .L0 
     /tmp/cc9k3mhm.s:304    .text:00000000000001ac .L0 
     /tmp/cc9k3mhm.s:309    .text:00000000000001bc .L0 
     /tmp/cc9k3mhm.s:310    .text:00000000000001c0 .L0 
     /tmp/cc9k3mhm.s:311    .text:00000000000001c0 .L0 
     /tmp/cc9k3mhm.s:313    .text:00000000000001c4 .L0 
     /tmp/cc9k3mhm.s:314    .text:00000000000001c4 .L0 
     /tmp/cc9k3mhm.s:316    .text:00000000000001c8 .L0 
     /tmp/cc9k3mhm.s:319    .text:00000000000001cc .L0 
     /tmp/cc9k3mhm.s:323    .text:00000000000001d0 .L0 
     /tmp/cc9k3mhm.s:325    .text:00000000000001d0 .L0 
     /tmp/cc9k3mhm.s:326    .text:00000000000001d0 .L0 
     /tmp/cc9k3mhm.s:330    .text:00000000000001e0 .L0 
GAS LISTING /tmp/cc9k3mhm.s 			page 12


     /tmp/cc9k3mhm.s:339    .bss:0000000000000000 _ZN3TCB7runningE
     /tmp/cc9k3mhm.s:336    .bss:0000000000000000 .LANCHOR0
     /tmp/cc9k3mhm.s:348    .text:00000000000001e0 .L0 
     /tmp/cc9k3mhm.s:28     .text:0000000000000018 .L0 
     /tmp/cc9k3mhm.s:169    .text:00000000000000ec .L0 
     /tmp/cc9k3mhm.s:282    .text:000000000000018c .L0 
     /tmp/cc9k3mhm.s:301    .text:00000000000001a4 .L0 
     /tmp/cc9k3mhm.s:94     .text:000000000000007c .L6
     /tmp/cc9k3mhm.s:185    .text:000000000000011c .L14
     /tmp/cc9k3mhm.s:189    .text:0000000000000124 .L15
     /tmp/cc9k3mhm.s:212    .text:0000000000000150 .L9
     /tmp/cc9k3mhm.s:158    .text:00000000000000d8 .L10
     /tmp/cc9k3mhm.s:166    .text:00000000000000e8 .L11
     /tmp/cc9k3mhm.s:322    .text:00000000000001d0 .L21
     /tmp/cc9k3mhm.s:295    .text:000000000000019c .L19
     /tmp/cc9k3mhm.s:139    .text:00000000000000b4 .LEHB0
     /tmp/cc9k3mhm.s:105    .text:0000000000000080 .LFB46
     /tmp/cc9k3mhm.s:146    .text:00000000000000c8 .LEHE0
     /tmp/cc9k3mhm.s:180    .text:0000000000000110 .LEHB1
     /tmp/cc9k3mhm.s:183    .text:0000000000000118 .LEHE1
     /tmp/cc9k3mhm.s:193    .text:000000000000012c .L16
     /tmp/cc9k3mhm.s:208    .text:0000000000000148 .LEHB2
     /tmp/cc9k3mhm.s:211    .text:0000000000000150 .LEHE2
     /tmp/cc9k3mhm.s:1526   .debug_abbrev:0000000000000000 .Ldebug_abbrev0
     /tmp/cc9k3mhm.s:3021   .debug_str:00000000000006d3 .LASF127
     /tmp/cc9k3mhm.s:2921   .debug_str:000000000000043e .LASF128
     /tmp/cc9k3mhm.s:2843   .debug_str:000000000000019c .LASF129
     /tmp/cc9k3mhm.s:5      .text:0000000000000000 .Ltext0
     /tmp/cc9k3mhm.s:342    .text:00000000000001e0 .Letext0
     /tmp/cc9k3mhm.s:2783   .debug_line:0000000000000000 .Ldebug_line0
     /tmp/cc9k3mhm.s:2943   .debug_str:00000000000004d8 .LASF0
     /tmp/cc9k3mhm.s:2961   .debug_str:000000000000054d .LASF1
     /tmp/cc9k3mhm.s:2925   .debug_str:0000000000000453 .LASF2
     /tmp/cc9k3mhm.s:2895   .debug_str:000000000000036b .LASF4
     /tmp/cc9k3mhm.s:2999   .debug_str:0000000000000653 .LASF3
     /tmp/cc9k3mhm.s:2813   .debug_str:00000000000000c2 .LASF5
     /tmp/cc9k3mhm.s:2965   .debug_str:0000000000000571 .LASF6
     /tmp/cc9k3mhm.s:2941   .debug_str:00000000000004c5 .LASF7
     /tmp/cc9k3mhm.s:3039   .debug_str:0000000000000806 .LASF8
     /tmp/cc9k3mhm.s:2879   .debug_str:00000000000002d4 .LASF9
     /tmp/cc9k3mhm.s:2981   .debug_str:00000000000005c4 .LASF10
     /tmp/cc9k3mhm.s:3025   .debug_str:000000000000079c .LASF11
     /tmp/cc9k3mhm.s:2815   .debug_str:00000000000000c9 .LASF12
     /tmp/cc9k3mhm.s:2791   .debug_str:000000000000004e .LASF13
     /tmp/cc9k3mhm.s:2827   .debug_str:0000000000000138 .LASF14
     /tmp/cc9k3mhm.s:2993   .debug_str:0000000000000614 .LASF15
     /tmp/cc9k3mhm.s:2845   .debug_str:00000000000001bf .LASF16
     /tmp/cc9k3mhm.s:2937   .debug_str:00000000000004aa .LASF28
     /tmp/cc9k3mhm.s:2949   .debug_str:00000000000004f5 .LASF36
     /tmp/cc9k3mhm.s:3013   .debug_str:00000000000006bf .LASF17
     /tmp/cc9k3mhm.s:3063   .debug_str:00000000000008db .LASF18
     /tmp/cc9k3mhm.s:3035   .debug_str:00000000000007e1 .LASF35
     /tmp/cc9k3mhm.s:3045   .debug_str:000000000000082f .LASF68
     /tmp/cc9k3mhm.s:2951   .debug_str:00000000000004ff .LASF19
     /tmp/cc9k3mhm.s:3067   .debug_str:00000000000008f7 .LASF21
     /tmp/cc9k3mhm.s:2793   .debug_str:000000000000005e .LASF20
     /tmp/cc9k3mhm.s:3061   .debug_str:00000000000008bb .LASF22
GAS LISTING /tmp/cc9k3mhm.s 			page 13


     /tmp/cc9k3mhm.s:2803   .debug_str:0000000000000089 .LASF26
     /tmp/cc9k3mhm.s:2807   .debug_str:00000000000000a4 .LASF23
     /tmp/cc9k3mhm.s:2853   .debug_str:0000000000000212 .LASF30
     /tmp/cc9k3mhm.s:2917   .debug_str:000000000000040c .LASF39
     /tmp/cc9k3mhm.s:2933   .debug_str:000000000000047d .LASF24
     /tmp/cc9k3mhm.s:2909   .debug_str:00000000000003c3 .LASF25
     /tmp/cc9k3mhm.s:2799   .debug_str:000000000000007a .LASF27
     /tmp/cc9k3mhm.s:3003   .debug_str:000000000000066c .LASF29
     /tmp/cc9k3mhm.s:2789   .debug_str:0000000000000019 .LASF31
     /tmp/cc9k3mhm.s:2867   .debug_str:000000000000027c .LASF32
     /tmp/cc9k3mhm.s:2977   .debug_str:00000000000005b5 .LASF33
     /tmp/cc9k3mhm.s:2869   .debug_str:0000000000000281 .LASF34
     /tmp/cc9k3mhm.s:2891   .debug_str:000000000000032f .LASF130
     /tmp/cc9k3mhm.s:2823   .debug_str:0000000000000116 .LASF131
     /tmp/cc9k3mhm.s:2915   .debug_str:0000000000000402 .LASF132
     /tmp/cc9k3mhm.s:2795   .debug_str:0000000000000066 .LASF37
     /tmp/cc9k3mhm.s:2855   .debug_str:000000000000022b .LASF38
     /tmp/cc9k3mhm.s:2987   .debug_str:00000000000005f0 .LASF40
     /tmp/cc9k3mhm.s:2967   .debug_str:0000000000000584 .LASF41
     /tmp/cc9k3mhm.s:2877   .debug_str:00000000000002bd .LASF42
     /tmp/cc9k3mhm.s:2927   .debug_str:0000000000000461 .LASF43
     /tmp/cc9k3mhm.s:3065   .debug_str:00000000000008e0 .LASF44
     /tmp/cc9k3mhm.s:2907   .debug_str:00000000000003b6 .LASF45
     /tmp/cc9k3mhm.s:2935   .debug_str:0000000000000487 .LASF46
     /tmp/cc9k3mhm.s:2861   .debug_str:0000000000000246 .LASF133
     /tmp/cc9k3mhm.s:2859   .debug_str:000000000000023e .LASF134
     /tmp/cc9k3mhm.s:2911   .debug_str:00000000000003df .LASF135
     /tmp/cc9k3mhm.s:3047   .debug_str:0000000000000857 .LASF47
     /tmp/cc9k3mhm.s:2809   .debug_str:00000000000000ae .LASF48
     /tmp/cc9k3mhm.s:3007   .debug_str:0000000000000687 .LASF49
     /tmp/cc9k3mhm.s:2989   .debug_str:00000000000005fc .LASF50
     /tmp/cc9k3mhm.s:2875   .debug_str:00000000000002ad .LASF51
     /tmp/cc9k3mhm.s:2881   .debug_str:00000000000002e2 .LASF52
     /tmp/cc9k3mhm.s:3011   .debug_str:00000000000006ac .LASF53
     /tmp/cc9k3mhm.s:2821   .debug_str:0000000000000109 .LASF54
     /tmp/cc9k3mhm.s:2959   .debug_str:0000000000000536 .LASF136
     /tmp/cc9k3mhm.s:2947   .debug_str:00000000000004ec .LASF56
     /tmp/cc9k3mhm.s:2865   .debug_str:0000000000000269 .LASF58
     /tmp/cc9k3mhm.s:2837   .debug_str:000000000000016d .LASF55
     /tmp/cc9k3mhm.s:2893   .debug_str:0000000000000343 .LASF137
     /tmp/cc9k3mhm.s:2857   .debug_str:0000000000000230 .LASF57
     /tmp/cc9k3mhm.s:2953   .debug_str:0000000000000505 .LASF59
     /tmp/cc9k3mhm.s:2971   .debug_str:0000000000000594 .LASF60
     /tmp/cc9k3mhm.s:2831   .debug_str:000000000000014a .LASF61
     /tmp/cc9k3mhm.s:2905   .debug_str:00000000000003ae .LASF62
     /tmp/cc9k3mhm.s:2899   .debug_str:0000000000000383 .LASF63
     /tmp/cc9k3mhm.s:2833   .debug_str:0000000000000150 .LASF64
     /tmp/cc9k3mhm.s:3031   .debug_str:00000000000007c1 .LASF65
     /tmp/cc9k3mhm.s:2829   .debug_str:0000000000000144 .LASF66
     /tmp/cc9k3mhm.s:3015   .debug_str:00000000000006c4 .LASF67
     /tmp/cc9k3mhm.s:2805   .debug_str:0000000000000093 .LASF69
     /tmp/cc9k3mhm.s:3017   .debug_str:00000000000006c9 .LASF70
     /tmp/cc9k3mhm.s:3059   .debug_str:00000000000008aa .LASF71
     /tmp/cc9k3mhm.s:3019   .debug_str:00000000000006ce .LASF72
     /tmp/cc9k3mhm.s:3029   .debug_str:00000000000007b0 .LASF73
     /tmp/cc9k3mhm.s:2969   .debug_str:000000000000058f .LASF74
     /tmp/cc9k3mhm.s:2995   .debug_str:000000000000062a .LASF75
GAS LISTING /tmp/cc9k3mhm.s 			page 14


     /tmp/cc9k3mhm.s:3023   .debug_str:0000000000000797 .LASF76
     /tmp/cc9k3mhm.s:2963   .debug_str:0000000000000560 .LASF77
     /tmp/cc9k3mhm.s:2979   .debug_str:00000000000005bf .LASF78
     /tmp/cc9k3mhm.s:2897   .debug_str:0000000000000372 .LASF79
     /tmp/cc9k3mhm.s:3027   .debug_str:00000000000007ab .LASF80
     /tmp/cc9k3mhm.s:2975   .debug_str:00000000000005a4 .LASF81
     /tmp/cc9k3mhm.s:2991   .debug_str:0000000000000609 .LASF114
     /tmp/cc9k3mhm.s:3055   .debug_str:0000000000000888 .LASF116
     /tmp/cc9k3mhm.s:2923   .debug_str:000000000000044a .LASF82
     /tmp/cc9k3mhm.s:3009   .debug_str:0000000000000697 .LASF83
     /tmp/cc9k3mhm.s:2839   .debug_str:000000000000017b .LASF84
     /tmp/cc9k3mhm.s:2835   .debug_str:0000000000000158 .LASF85
     /tmp/cc9k3mhm.s:3001   .debug_str:0000000000000665 .LASF86
     /tmp/cc9k3mhm.s:2985   .debug_str:00000000000005dd .LASF87
     /tmp/cc9k3mhm.s:3041   .debug_str:0000000000000816 .LASF88
     /tmp/cc9k3mhm.s:3033   .debug_str:00000000000007ce .LASF89
     /tmp/cc9k3mhm.s:2873   .debug_str:00000000000002a5 .LASF90
     /tmp/cc9k3mhm.s:2847   .debug_str:00000000000001d5 .LASF91
     /tmp/cc9k3mhm.s:2787   .debug_str:0000000000000011 .LASF92
     /tmp/cc9k3mhm.s:2885   .debug_str:0000000000000304 .LASF93
     /tmp/cc9k3mhm.s:2811   .debug_str:00000000000000ba .LASF94
     /tmp/cc9k3mhm.s:2817   .debug_str:00000000000000d9 .LASF95
     /tmp/cc9k3mhm.s:2887   .debug_str:0000000000000318 .LASF96
     /tmp/cc9k3mhm.s:2863   .debug_str:0000000000000255 .LASF97
     /tmp/cc9k3mhm.s:2945   .debug_str:00000000000004e5 .LASF98
     /tmp/cc9k3mhm.s:3051   .debug_str:0000000000000870 .LASF99
     /tmp/cc9k3mhm.s:2973   .debug_str:000000000000059d .LASF100
     /tmp/cc9k3mhm.s:2871   .debug_str:0000000000000292 .LASF101
     /tmp/cc9k3mhm.s:2931   .debug_str:0000000000000477 .LASF102
     /tmp/cc9k3mhm.s:3043   .debug_str:000000000000081d .LASF103
     /tmp/cc9k3mhm.s:2801   .debug_str:0000000000000083 .LASF104
     /tmp/cc9k3mhm.s:3069   .debug_str:0000000000000914 .LASF105
     /tmp/cc9k3mhm.s:2939   .debug_str:00000000000004ba .LASF106
     /tmp/cc9k3mhm.s:2997   .debug_str:000000000000063b .LASF107
     /tmp/cc9k3mhm.s:2903   .debug_str:00000000000003a3 .LASF108
     /tmp/cc9k3mhm.s:2913   .debug_str:00000000000003ea .LASF109
     /tmp/cc9k3mhm.s:2825   .debug_str:000000000000012e .LASF110
     /tmp/cc9k3mhm.s:2919   .debug_str:0000000000000428 .LASF111
     /tmp/cc9k3mhm.s:2929   .debug_str:000000000000046d .LASF112
     /tmp/cc9k3mhm.s:2883   .debug_str:00000000000002ee .LASF113
     /tmp/cc9k3mhm.s:3005   .debug_str:0000000000000678 .LASF115
     /tmp/cc9k3mhm.s:2819   .debug_str:00000000000000ed .LASF117
     /tmp/cc9k3mhm.s:3037   .debug_str:00000000000007f1 .LASF118
     /tmp/cc9k3mhm.s:2851   .debug_str:00000000000001f0 .LASF119
     /tmp/cc9k3mhm.s:2957   .debug_str:0000000000000525 .LASF138
     /tmp/cc9k3mhm.s:10     .text:0000000000000000 .LFB48
     /tmp/cc9k3mhm.s:48     .text:0000000000000044 .LFE48
     /tmp/cc9k3mhm.s:25     .text:0000000000000018 .LVL0
     /tmp/cc9k3mhm.s:37     .text:0000000000000034 .LVL2
     /tmp/cc9k3mhm.s:267    .text:0000000000000178 .LFB47
     /tmp/cc9k3mhm.s:331    .text:00000000000001e0 .LFE47
     /tmp/cc9k3mhm.s:2572   .debug_loc:0000000000000000 .LLST12
     /tmp/cc9k3mhm.s:285    .text:0000000000000194 .LBB19
     /tmp/cc9k3mhm.s:292    .text:0000000000000198 .LBE19
     /tmp/cc9k3mhm.s:2583   .debug_loc:0000000000000036 .LLST13
     /tmp/cc9k3mhm.s:299    .text:00000000000001a4 .LVL23
     /tmp/cc9k3mhm.s:307    .text:00000000000001bc .LVL24
GAS LISTING /tmp/cc9k3mhm.s 			page 15


     /tmp/cc9k3mhm.s:328    .text:00000000000001dc .LVL27
     /tmp/cc9k3mhm.s:241    .text:0000000000000178 .LFE46
     /tmp/cc9k3mhm.s:2590   .debug_loc:0000000000000059 .LLST1
     /tmp/cc9k3mhm.s:2619   .debug_loc:00000000000000ce .LLST2
     /tmp/cc9k3mhm.s:2637   .debug_loc:000000000000011a .LLST3
     /tmp/cc9k3mhm.s:2849   .debug_str:00000000000001e9 .LASF120
     /tmp/cc9k3mhm.s:2655   .debug_loc:0000000000000166 .LLST4
     /tmp/cc9k3mhm.s:135    .text:00000000000000b4 .LBB13
     /tmp/cc9k3mhm.s:150    .text:00000000000000cc .LBE13
     /tmp/cc9k3mhm.s:2669   .debug_loc:000000000000019f .LLST5
     /tmp/cc9k3mhm.s:142    .text:00000000000000bc .LVL8
     /tmp/cc9k3mhm.s:145    .text:00000000000000c8 .LVL9
     /tmp/cc9k3mhm.s:151    .text:00000000000000cc .LBB15
     /tmp/cc9k3mhm.s:197    .text:0000000000000130 .LBE15
     /tmp/cc9k3mhm.s:2678   .debug_loc:00000000000001c4 .LLST6
     /tmp/cc9k3mhm.s:2685   .debug_loc:00000000000001e7 .LLST7
     /tmp/cc9k3mhm.s:2699   .debug_loc:0000000000000220 .LLST8
     /tmp/cc9k3mhm.s:2713   .debug_loc:0000000000000259 .LLST9
     /tmp/cc9k3mhm.s:2738   .debug_loc:00000000000002bb .LLST10
     /tmp/cc9k3mhm.s:182    .text:0000000000000118 .LVL11
     /tmp/cc9k3mhm.s:198    .text:0000000000000130 .LBB17
     /tmp/cc9k3mhm.s:214    .text:0000000000000150 .LBE17
     /tmp/cc9k3mhm.s:2749   .debug_loc:00000000000002f1 .LLST11
     /tmp/cc9k3mhm.s:203    .text:0000000000000138 .LVL13
     /tmp/cc9k3mhm.s:206    .text:0000000000000144 .LVL14
     /tmp/cc9k3mhm.s:210    .text:0000000000000150 .LVL15
     /tmp/cc9k3mhm.s:3053   .debug_str:0000000000000883 .LASF121
     /tmp/cc9k3mhm.s:2983   .debug_str:00000000000005d3 .LASF122
     /tmp/cc9k3mhm.s:3049   .debug_str:0000000000000864 .LASF139
     /tmp/cc9k3mhm.s:54     .text:0000000000000044 .LFB44
     /tmp/cc9k3mhm.s:97     .text:0000000000000080 .LFE44
     /tmp/cc9k3mhm.s:2756   .debug_loc:0000000000000314 .LLST0
     /tmp/cc9k3mhm.s:83     .text:000000000000006c .LVL5
     /tmp/cc9k3mhm.s:3057   .debug_str:00000000000008a0 .LASF123
     /tmp/cc9k3mhm.s:2901   .debug_str:000000000000038c .LASF140
     /tmp/cc9k3mhm.s:2785   .debug_str:0000000000000000 .LASF141
     /tmp/cc9k3mhm.s:2797   .debug_str:000000000000006e .LASF142
     /tmp/cc9k3mhm.s:2889   .debug_str:0000000000000320 .LASF124
     /tmp/cc9k3mhm.s:2841   .debug_str:0000000000000184 .LASF126
     /tmp/cc9k3mhm.s:2955   .debug_str:000000000000051e .LASF125
     /tmp/cc9k3mhm.s:283    .text:0000000000000194 .LVL21
     /tmp/cc9k3mhm.s:317    .text:00000000000001c8 .LVL25
     /tmp/cc9k3mhm.s:321    .text:00000000000001d0 .LVL26
     /tmp/cc9k3mhm.s:290    .text:0000000000000198 .LVL22
     /tmp/cc9k3mhm.s:110    .text:0000000000000080 .LVL6
     /tmp/cc9k3mhm.s:195    .text:0000000000000130 .LVL12
     /tmp/cc9k3mhm.s:227    .text:0000000000000164 .LVL17
     /tmp/cc9k3mhm.s:236    .text:0000000000000170 .LVL20
     /tmp/cc9k3mhm.s:230    .text:0000000000000168 .LVL18
     /tmp/cc9k3mhm.s:134    .text:00000000000000b4 .LVL7
     /tmp/cc9k3mhm.s:148    .text:00000000000000cc .LVL10
     /tmp/cc9k3mhm.s:233    .text:000000000000016c .LVL19
     /tmp/cc9k3mhm.s:224    .text:0000000000000160 .LVL16
     /tmp/cc9k3mhm.s:57     .text:0000000000000044 .LVL3
     /tmp/cc9k3mhm.s:67     .text:0000000000000050 .LVL4
     /tmp/cc9k3mhm.s:349    .debug_info:0000000000000000 .Ldebug_info0
     /tmp/cc9k3mhm.s:244    .gcc_except_table:0000000000000000 .LLSDA46
GAS LISTING /tmp/cc9k3mhm.s 			page 16



UNDEFINED SYMBOLS
_ZN5Riscv10popSppSpieEv
_Z11thread_exitv
_ZdlPv
_ZN15MemoryAllocator15createAllocatorEv
_ZN15MemoryAllocator5allocEm
_ZN9Scheduler3putEP3TCB
_ZN15MemoryAllocator7deallocEPv
_Unwind_Resume
__gxx_personality_v0
_ZN9Scheduler3getEv
_ZN3TCB13contextSwitchEPNS_7ContextES1_
